<?xml version="1.0" encoding="UTF-8"?>
<!-- Generated by org.testng.reporters.JUnitReportReporter -->
<testsuite hostname="DESKTOP-CD8JFBV" failures="0" tests="1" name="Basic.Admin" time="23.343" errors="0" timestamp="2025-04-21T10:29:33 IST" skipped="0">
  <testcase classname="Basic.Admin" name="TC_001" time="23.343">
    <system-out>
      <![CDATA[iam in OrangeHrm
iam in home
user is added successfully]]>
    </system-out>
  </testcase> <!-- TC_001 -->
  <system-out>
    <![CDATA[iam in OrangeHrm
iam in home
user is added successfully]]>
  </system-out>
</testsuite> <!-- Basic.Admin -->
