<?xml version="1.0" encoding="UTF-8"?>
<!-- Generated by org.testng.reporters.JUnitReportReporter -->
<testsuite hostname="DESKTOP-CD8JFBV" failures="0" tests="1" name="Basic.Test1" time="6.146" errors="0" timestamp="2025-04-16T09:29:18 IST" skipped="0">
  <testcase classname="Basic.Test1" name="main1" time="6.146">
    <system-out>
      <![CDATA[Page object model...]]>
    </system-out>
  </testcase> <!-- main1 -->
  <system-out>
    <![CDATA[Page object model...]]>
  </system-out>
</testsuite> <!-- Basic.Test1 -->
