<?xml version="1.0" encoding="UTF-8"?>
<!-- Generated by org.testng.reporters.JUnitReportReporter -->
<testsuite hostname="DESKTOP-CD8JFBV" failures="0" tests="1" name="TestCase1.AdminModule" time="31.832" errors="0" timestamp="2025-04-22T09:27:04 IST" skipped="0">
  <testcase classname="TestCase1.AdminModule" name="tc_001" time="31.832">
    <system-out>
      <![CDATA[iam in home page
user is added successfully]]>
    </system-out>
  </testcase> <!-- tc_001 -->
  <system-out>
    <![CDATA[iam in home page
user is added successfully]]>
  </system-out>
</testsuite> <!-- TestCase1.AdminModule -->
